<?xml version="1.0" encoding="UTF-8"?>
<!-- Generated by org.testng.reporters.JUnitXMLReporter -->
<testsuite ignored="0" hostname="DESKTOP-24T7UKH" failures="0" tests="3" name="Default test" time="13.196" errors="0" timestamp="2024-05-17T11:35:38 IST">
  <testcase classname="testbase.TestBase" name="f" time="0.027"/>
  <testcase classname="testbase.TestRunners" name="TC002_invalidpassword" time="0.722"/>
  <testcase classname="testbase.TestRunners" name="TC003_validlogin" time="12.371"/>
</testsuite> <!-- Default test -->
