<?xml version="1.0" encoding="UTF-8"?>
<!-- Generated by org.testng.reporters.JUnitXMLReporter -->
<testsuite ignored="0" hostname="DESKTOP-24T7UKH" failures="0" tests="3" name="Default test" time="9.991" errors="0" timestamp="2024-05-17T11:29:05 IST">
  <testcase classname="testbase.TestBase" name="f" time="0.037"/>
  <testcase classname="testbase.TestRunners" name="TC002_invalidpassword" time="1.103"/>
  <testcase classname="testbase.TestRunners" name="TC003_validlogin" time="8.762"/>
</testsuite> <!-- Default test -->
